TN:
SF:script/FunnelFactoryDeployer.sol
FN:8,FunnelFactoryDeployer.run
FNDA:0,FunnelFactoryDeployer.run
DA:9,0
DA:10,0
DA:12,0
DA:13,0
DA:15,0
FNF:1
FNH:0
LF:5
LH:0
BRF:0
BRH:0
end_of_record
TN:
SF:src/Funnel.sol
FN:75,Funnel.initialize
FNDA:11,Funnel.initialize
DA:76,11
BRDA:76,0,0,1
BRDA:76,0,1,10
DA:77,1
DA:79,10
DA:81,10
DA:82,10
FN:87,Funnel.
FNDA:3,Funnel.
DA:88,3
FN:96,Funnel._fallback
FNDA:3,Funnel._fallback
FN:128,Funnel.permit
FNDA:6,Funnel.permit
DA:137,6
BRDA:137,1,0,1
BRDA:137,1,1,5
DA:138,1
DA:141,5
DA:143,5
DA:146,5
DA:148,5
DA:150,2
FN:161,Funnel.permitRenewable
FNDA:8,Funnel.permitRenewable
DA:171,8
BRDA:171,2,0,1
BRDA:171,2,1,7
DA:172,1
DA:174,7
DA:176,7
DA:179,7
DA:183,7
DA:185,3
FN:189,Funnel.approve
FNDA:518,Funnel.approve
DA:190,518
DA:191,518
FN:195,Funnel.approveRenewable
FNDA:20,Funnel.approveRenewable
DA:200,20
DA:201,18
FN:205,Funnel.allowance
FNDA:1563,Funnel.allowance
DA:206,1563
DA:207,1563
DA:208,1563
FN:212,Funnel.approveRenewableAndCall
FNDA:4,Funnel.approveRenewableAndCall
DA:218,4
DA:221,4
DA:222,2
FN:226,Funnel.transferFrom
FNDA:272,Funnel.transferFrom
DA:231,277
DA:232,277
BRDA:232,3,0,2
BRDA:232,3,1,275
DA:233,2
DA:236,275
BRDA:236,4,0,271
BRDA:236,4,1,275
DA:237,271
DA:238,271
DA:241,275
DA:242,274
FN:246,Funnel.transferFromAndCall
FNDA:5,Funnel.transferFromAndCall
DA:252,5
DA:253,4
DA:254,2
FN:260,Funnel.transfer
FNDA:776,Funnel.transfer
DA:261,776
DA:262,519
FN:274,Funnel.renewableAllowance
FNDA:2,Funnel.renewableAllowance
DA:279,2
DA:280,2
FN:284,Funnel.baseToken
FNDA:4,Funnel.baseToken
DA:285,4
FN:292,Funnel.supportsInterface
FNDA:3,Funnel.supportsInterface
DA:293,3
FN:300,Funnel.balanceOf
FNDA:3868,Funnel.balanceOf
DA:301,3868
FN:305,Funnel.totalSupply
FNDA:513,Funnel.totalSupply
DA:306,513
FN:311,Funnel.name
FNDA:1,Funnel.name
DA:312,11
DA:313,11
DA:315,11
BRDA:315,5,0,11
BRDA:315,5,1,-
DA:316,11
DA:318,0
DA:321,11
FN:328,Funnel.DOMAIN_SEPARATOR
FNDA:18,Funnel.DOMAIN_SEPARATOR
DA:329,36
FN:336,Funnel._approve
FNDA:547,Funnel._approve
DA:342,547
BRDA:342,6,0,2
BRDA:342,6,1,545
DA:343,2
DA:346,545
DA:352,545
DA:353,545
FN:363,Funnel._checkOnTransferReceived
FNDA:4,Funnel._checkOnTransferReceived
DA:369,4
BRDA:369,7,0,1
BRDA:369,7,1,3
DA:370,1
DA:374,3
FN:398,Funnel.computeDomainSeparator
FNDA:10,Funnel.computeDomainSeparator
DA:399,10
FN:411,Funnel._checkOnApprovalReceived
FNDA:4,Funnel._checkOnApprovalReceived
DA:417,4
BRDA:417,8,0,1
BRDA:417,8,1,3
DA:418,1
DA:421,3
FN:442,Funnel._remainingAllowance
FNDA:1840,Funnel._remainingAllowance
DA:443,1840
DA:445,1840
DA:446,1840
DA:448,1840
FNF:24
FNH:24
LF:72
LH:71
BRF:18
BRH:17
end_of_record
TN:
SF:src/FunnelFactory.sol
FN:34,FunnelFactory.deployFunnelForToken
FNDA:12,FunnelFactory.deployFunnelForToken
DA:35,12
BRDA:35,0,0,1
BRDA:35,0,1,11
DA:36,1
DA:39,11
BRDA:39,1,0,1
BRDA:39,1,1,10
DA:40,1
DA:43,10
DA:45,10
DA:46,10
DA:47,10
FN:51,FunnelFactory.getFunnelForToken
FNDA:3,FunnelFactory.getFunnelForToken
DA:52,6
BRDA:52,2,0,1
BRDA:52,2,1,5
DA:53,1
DA:56,5
FN:60,FunnelFactory.isFunnel
FNDA:5,FunnelFactory.isFunnel
DA:62,5
BRDA:62,3,0,1
BRDA:62,3,1,4
DA:63,1
DA:66,4
FNF:3
FNH:3
LF:14
LH:14
BRF:8
BRH:8
end_of_record
TN:
SF:src/lib/EIP712.sol
FN:23,EIP712._verifySig
FNDA:18,EIP712._verifySig
DA:30,18
DA:32,18
DA:35,18
DA:37,18
BRDA:37,0,0,1
BRDA:37,0,1,1
DA:40,2
BRDA:39,1,0,1
BRDA:39,1,1,1
DA:43,1
DA:47,16
DA:49,16
BRDA:49,2,0,8
BRDA:49,2,1,8
DA:50,8
DA:54,9
FNF:1
FNH:1
LF:10
LH:10
BRF:6
BRH:6
end_of_record
TN:
SF:src/lib/MathUtil.sol
FN:6,MathUtil.saturatingAdd
FNDA:1840,MathUtil.saturatingAdd
DA:8,1840
DA:9,1840
BRDA:9,0,0,3
BRDA:9,0,1,1837
DA:10,1837
FNF:1
FNH:1
LF:3
LH:3
BRF:2
BRH:2
end_of_record
TN:
SF:src/lib/MetaTxContext.sol
FN:17,MetaTxContext._msgSender
FNDA:2143,MetaTxContext._msgSender
DA:18,2143
BRDA:18,0,0,3
BRDA:18,0,1,2140
DA:19,3
DA:20,3
DA:23,3
DA:26,2140
DA:28,0
FNF:1
FNH:1
LF:6
LH:5
BRF:2
BRH:2
end_of_record
TN:
SF:src/lib/NativeMetaTransaction.sol
FN:40,NativeMetaTransaction.executeMetaTransaction
FNDA:7,NativeMetaTransaction.executeMetaTransaction
DA:47,7
DA:53,7
DA:57,4
DA:61,4
BRDA:61,0,0,1
BRDA:61,0,1,3
DA:62,1
DA:65,3
DA:67,3
FN:74,NativeMetaTransaction._verifyMetaTx
FNDA:7,NativeMetaTransaction._verifyMetaTx
DA:81,7
BRDA:81,1,0,1
BRDA:81,1,1,6
DA:82,1
DA:85,6
DA:89,6
FNF:2
FNH:2
LF:11
LH:11
BRF:4
BRH:4
end_of_record
TN:
SF:src/lib/Nonces.sol
FN:11,Nonces.nonces
FNDA:6,Nonces.nonces
DA:12,6
FNF:1
FNH:1
LF:1
LH:1
BRF:0
BRH:0
end_of_record
TN:
SF:src/mocks/MockERC1271.sol
FN:17,MockERC1271.isValidSignature
FNDA:2,MockERC1271.isValidSignature
DA:19,2
BRDA:19,0,0,1
BRDA:19,0,1,1
DA:20,1
DA:22,1
FN:26,MockERC1271.splitSignature
FNDA:2,MockERC1271.splitSignature
DA:35,2
BRDA:35,1,0,-
BRDA:35,1,1,2
DA:37,2
DA:38,2
DA:39,2
DA:43,2
DA:45,2
DA:47,2
DA:50,2
FN:59,MockERC1271.recoverSigner
FNDA:2,MockERC1271.recoverSigner
DA:60,2
DA:61,2
DA:62,2
DA:64,2
DA:79,2
BRDA:79,2,0,-
BRDA:79,2,1,2
DA:80,0
DA:83,2
BRDA:83,3,0,-
BRDA:83,3,1,2
DA:84,0
DA:88,2
DA:91,2
BRDA:91,4,0,-
BRDA:91,4,1,2
DA:93,2
FN:96,MockERC1271.approveToken
FNDA:0,MockERC1271.approveToken
DA:101,0
FNF:4
FNH:3
LF:23
LH:20
BRF:10
BRH:6
end_of_record
TN:
SF:src/mocks/MockSpenderReceiver.sol
FN:11,MockSpenderReceiver.onTransferReceived
FNDA:2,MockSpenderReceiver.onTransferReceived
DA:17,2
DA:18,2
FN:21,MockSpenderReceiver.onRenewableApprovalReceived
FNDA:2,MockSpenderReceiver.onRenewableApprovalReceived
DA:27,2
DA:28,2
FN:31,MockSpenderReceiver.supportsInterface
FNDA:3,MockSpenderReceiver.supportsInterface
DA:32,3
FNF:3
FNH:3
LF:5
LH:5
BRF:0
BRH:0
end_of_record
TN:
SF:src/mocks/TestERC20Token.sol
FN:17,TestERC20Token.mint
FNDA:0,TestERC20Token.mint
DA:18,0
FN:21,TestERC20Token.burn
FNDA:0,TestERC20Token.burn
DA:22,0
FN:25,TestERC20Token.version
FNDA:0,TestERC20Token.version
DA:26,0
FNF:3
FNH:0
LF:3
LH:0
BRF:0
BRH:0
end_of_record
TN:
SF:test/ERC20TestSuite.sol
FN:15,ERC20TestBase.setUp
FNDA:0,ERC20TestBase.setUp
DA:16,0
DA:17,0
FN:31,ERC20TestBase.transferTokens
FNDA:0,ERC20TestBase.transferTokens
DA:36,0
DA:37,0
FN:40,ERC20TestBase.approve
FNDA:0,ERC20TestBase.approve
DA:45,0
DA:46,0
FNF:3
FNH:0
LF:6
LH:0
BRF:0
BRH:0
end_of_record
TN:
SF:test/TestSetup.sol
FN:11,TestSetup.setUp
FNDA:0,TestSetup.setUp
DA:12,0
DA:13,0
DA:14,0
DA:15,0
DA:16,0
DA:17,0
FNF:1
FNH:0
LF:6
LH:0
BRF:0
BRH:0
end_of_record
