TN:
SF:script/FunnelFactoryDeployer.sol
FN:9,FunnelFactoryDeployer.run
FNDA:0,FunnelFactoryDeployer.run
DA:10,0
DA:11,0
DA:13,0
DA:14,0
DA:16,0
FNF:1
FNH:0
LF:5
LH:0
BRF:0
BRH:0
end_of_record
TN:
SF:src/Funnel.sol
FN:74,Funnel.initialize
FNDA:12,Funnel.initialize
DA:75,12
BRDA:75,0,0,1
BRDA:75,0,1,11
DA:76,1
DA:78,11
DA:80,11
DA:81,11
FN:86,Funnel.
FNDA:3,Funnel.
DA:87,3
FN:97,Funnel.permit
FNDA:6,Funnel.permit
DA:106,6
BRDA:106,1,0,1
BRDA:106,1,1,5
DA:107,1
DA:110,5
DA:112,5
DA:115,5
DA:117,5
DA:119,2
FN:130,Funnel.permitRenewable
FNDA:8,Funnel.permitRenewable
DA:140,8
BRDA:140,2,0,1
BRDA:140,2,1,7
DA:141,1
DA:143,7
DA:145,7
DA:148,7
DA:152,7
DA:154,3
FN:158,Funnel.approve
FNDA:518,Funnel.approve
DA:159,518
DA:160,518
FN:164,Funnel.approveRenewable
FNDA:20,Funnel.approveRenewable
DA:169,20
DA:170,18
FN:174,Funnel.allowance
FNDA:1563,Funnel.allowance
DA:175,1563
DA:176,1563
DA:177,1563
FN:181,Funnel.approveRenewableAndCall
FNDA:4,Funnel.approveRenewableAndCall
DA:187,4
DA:190,4
DA:191,2
FN:195,Funnel.transferFrom
FNDA:272,Funnel.transferFrom
DA:200,277
DA:201,277
BRDA:201,3,0,2
BRDA:201,3,1,275
DA:202,2
DA:205,275
BRDA:205,4,0,271
BRDA:205,4,1,275
DA:206,271
DA:207,271
DA:210,275
DA:211,274
FN:215,Funnel.transferFromAndCall
FNDA:5,Funnel.transferFromAndCall
DA:221,5
DA:222,4
DA:223,2
FN:229,Funnel.transfer
FNDA:776,Funnel.transfer
DA:230,776
DA:231,519
FN:243,Funnel.renewableAllowance
FNDA:2,Funnel.renewableAllowance
DA:248,2
DA:249,2
FN:253,Funnel.baseToken
FNDA:4,Funnel.baseToken
DA:254,4
FN:258,Funnel.balanceOf
FNDA:3868,Funnel.balanceOf
DA:259,3868
FN:263,Funnel.totalSupply
FNDA:513,Funnel.totalSupply
DA:264,513
FN:269,Funnel.name
FNDA:2,Funnel.name
DA:270,13
DA:271,13
DA:273,13
BRDA:273,5,0,11
BRDA:273,5,1,2
DA:274,11
DA:276,2
DA:279,13
FN:286,Funnel.DOMAIN_SEPARATOR
FNDA:18,Funnel.DOMAIN_SEPARATOR
DA:287,36
FN:294,Funnel.supportsInterface
FNDA:3,Funnel.supportsInterface
DA:295,3
FN:310,Funnel._fallback
FNDA:3,Funnel._fallback
FN:342,Funnel._approve
FNDA:547,Funnel._approve
DA:348,547
BRDA:348,6,0,2
BRDA:348,6,1,545
DA:349,2
DA:352,545
DA:358,545
DA:359,545
FN:368,Funnel._checkOnTransferReceived
FNDA:4,Funnel._checkOnTransferReceived
DA:374,4
BRDA:374,7,0,1
BRDA:374,7,1,3
DA:375,1
DA:379,3
FN:408,Funnel._checkOnApprovalReceived
FNDA:4,Funnel._checkOnApprovalReceived
DA:414,4
BRDA:414,8,0,1
BRDA:414,8,1,3
DA:415,1
DA:418,3
FN:441,Funnel._remainingAllowance
FNDA:1840,Funnel._remainingAllowance
DA:442,1840
DA:444,1840
DA:445,1840
DA:447,1840
FN:453,Funnel._computeDomainSeparator
FNDA:11,Funnel._computeDomainSeparator
DA:454,11
FNF:24
FNH:24
LF:72
LH:72
BRF:18
BRH:18
end_of_record
TN:
SF:src/FunnelFactory.sol
FN:33,FunnelFactory.deployFunnelForToken
FNDA:12,FunnelFactory.deployFunnelForToken
DA:34,12
BRDA:34,0,0,1
BRDA:34,0,1,11
DA:35,1
DA:38,11
BRDA:38,1,0,1
BRDA:38,1,1,10
DA:39,1
DA:42,10
DA:44,10
DA:45,10
DA:46,10
FN:50,FunnelFactory.getFunnelForToken
FNDA:3,FunnelFactory.getFunnelForToken
DA:51,6
BRDA:51,2,0,1
BRDA:51,2,1,5
DA:52,1
DA:55,5
FN:59,FunnelFactory.isFunnel
FNDA:5,FunnelFactory.isFunnel
DA:61,5
BRDA:61,3,0,1
BRDA:61,3,1,4
DA:62,1
DA:65,4
FNF:3
FNH:3
LF:14
LH:14
BRF:8
BRH:8
end_of_record
TN:
SF:src/lib/EIP712.sol
FN:29,EIP712._verifySig
FNDA:18,EIP712._verifySig
DA:36,18
DA:38,18
DA:41,18
DA:43,18
BRDA:43,0,0,1
BRDA:43,0,1,1
DA:46,2
BRDA:45,1,0,1
BRDA:45,1,1,1
DA:49,1
DA:53,16
DA:55,16
BRDA:55,2,0,8
BRDA:55,2,1,8
DA:56,8
DA:60,9
FNF:1
FNH:1
LF:10
LH:10
BRF:6
BRH:6
end_of_record
TN:
SF:src/lib/MathUtil.sol
FN:8,MathUtil.saturatingAdd
FNDA:1840,MathUtil.saturatingAdd
DA:10,1840
DA:11,1840
BRDA:11,0,0,3
BRDA:11,0,1,1837
DA:12,1837
FNF:1
FNH:1
LF:3
LH:3
BRF:2
BRH:2
end_of_record
TN:
SF:src/lib/MetaTxContext.sol
FN:18,MetaTxContext._msgSender
FNDA:2143,MetaTxContext._msgSender
DA:19,2143
BRDA:19,0,0,3
BRDA:19,0,1,2140
DA:20,3
DA:21,3
DA:24,3
DA:27,2140
FNF:1
FNH:1
LF:5
LH:5
BRF:2
BRH:2
end_of_record
TN:
SF:src/lib/NativeMetaTransaction.sol
FN:50,NativeMetaTransaction.executeMetaTransaction
FNDA:7,NativeMetaTransaction.executeMetaTransaction
DA:57,7
DA:63,7
DA:67,4
DA:71,4
BRDA:71,0,0,1
BRDA:71,0,1,3
DA:72,1
DA:75,3
DA:77,3
FN:84,NativeMetaTransaction._verifyMetaTx
FNDA:7,NativeMetaTransaction._verifyMetaTx
DA:91,7
BRDA:91,1,0,1
BRDA:91,1,1,6
DA:92,1
DA:95,6
DA:99,6
FNF:2
FNH:2
LF:11
LH:11
BRF:4
BRH:4
end_of_record
TN:
SF:src/lib/Nonces.sol
FN:12,Nonces.nonces
FNDA:6,Nonces.nonces
DA:13,6
FNF:1
FNH:1
LF:1
LH:1
BRF:0
BRH:0
end_of_record
TN:
SF:src/mocks/MockERC1271.sol
FN:17,MockERC1271.isValidSignature
FNDA:2,MockERC1271.isValidSignature
DA:19,2
BRDA:19,0,0,1
BRDA:19,0,1,1
DA:20,1
DA:22,1
FN:26,MockERC1271.splitSignature
FNDA:2,MockERC1271.splitSignature
DA:35,2
BRDA:35,1,0,-
BRDA:35,1,1,2
DA:37,2
DA:38,2
DA:39,2
DA:43,2
DA:45,2
DA:47,2
DA:50,2
FN:59,MockERC1271.recoverSigner
FNDA:2,MockERC1271.recoverSigner
DA:60,2
DA:61,2
DA:62,2
DA:64,2
DA:79,2
BRDA:79,2,0,-
BRDA:79,2,1,2
DA:80,0
DA:83,2
BRDA:83,3,0,-
BRDA:83,3,1,2
DA:84,0
DA:88,2
DA:91,2
BRDA:91,4,0,-
BRDA:91,4,1,2
DA:93,2
FN:96,MockERC1271.approveToken
FNDA:0,MockERC1271.approveToken
DA:101,0
FNF:4
FNH:3
LF:23
LH:20
BRF:10
BRH:6
end_of_record
TN:
SF:src/mocks/MockSpenderReceiver.sol
FN:11,MockSpenderReceiver.onTransferReceived
FNDA:2,MockSpenderReceiver.onTransferReceived
DA:17,2
DA:18,2
FN:21,MockSpenderReceiver.onRenewableApprovalReceived
FNDA:2,MockSpenderReceiver.onRenewableApprovalReceived
DA:27,2
DA:28,2
FN:31,MockSpenderReceiver.supportsInterface
FNDA:3,MockSpenderReceiver.supportsInterface
DA:32,3
FNF:3
FNH:3
LF:5
LH:5
BRF:0
BRH:0
end_of_record
TN:
SF:src/mocks/TestERC20Token.sol
FN:17,TestERC20Token.mint
FNDA:0,TestERC20Token.mint
DA:18,0
FN:21,TestERC20Token.burn
FNDA:0,TestERC20Token.burn
DA:22,0
FN:25,TestERC20Token.version
FNDA:0,TestERC20Token.version
DA:26,0
FNF:3
FNH:0
LF:3
LH:0
BRF:0
BRH:0
end_of_record
TN:
SF:src/mocks/TestERC20TokenNoName.sol
FN:61,NoNameERC20.symbol
FNDA:0,NoNameERC20.symbol
DA:62,0
FN:78,NoNameERC20.decimals
FNDA:0,NoNameERC20.decimals
DA:79,0
FN:85,NoNameERC20.totalSupply
FNDA:0,NoNameERC20.totalSupply
DA:86,0
FN:92,NoNameERC20.balanceOf
FNDA:0,NoNameERC20.balanceOf
DA:93,0
FNF:4
FNH:0
LF:4
LH:0
BRF:0
BRH:0
end_of_record
TN:
SF:test/ERC20TestSuite.sol
FN:15,ERC20TestBase.setUp
FNDA:0,ERC20TestBase.setUp
DA:16,0
DA:17,0
FN:31,ERC20TestBase.transferTokens
FNDA:0,ERC20TestBase.transferTokens
DA:36,0
DA:37,0
FN:40,ERC20TestBase.approve
FNDA:0,ERC20TestBase.approve
DA:45,0
DA:46,0
FNF:3
FNH:0
LF:6
LH:0
BRF:0
BRH:0
end_of_record
TN:
SF:test/TestSetup.sol
FN:11,TestSetup.setUp
FNDA:0,TestSetup.setUp
DA:12,0
DA:13,0
DA:14,0
DA:15,0
DA:16,0
DA:17,0
FNF:1
FNH:0
LF:6
LH:0
BRF:0
BRH:0
end_of_record
